<?xml version="1.0" encoding="UTF-8"?>
<testsuite xmlns:xsi="http://www.w3.org/2001/XMLSchema-instance" xsi:noNamespaceSchemaLocation="https://maven.apache.org/surefire/maven-surefire-plugin/xsd/surefire-test-report-3.0.xsd" version="3.0" name="com.italo.sistema_rh.controller.CargoControllerTest" time="0.653" tests="5" errors="0" skipped="0" failures="0">
  <properties>
[...]
</properties>
  <testcase name="deveAtualizarCargo" classname="com.italo.sistema_rh.controller.CargoControllerTest" time="0.534"/>
  <testcase name="deveListarTodosCargos" classname="com.italo.sistema_rh.controller.CargoControllerTest" time="0.002"/>
  <testcase name="deveBuscarCargoPorId" classname="com.italo.sistema_rh.controller.CargoControllerTest" time="0.001"/>
  <testcase name="deveRemoverCargo" classname="com.italo.sistema_rh.controller.CargoControllerTest" time="0.002"/>
  <testcase name="deveSalvarCargo" classname="com.italo.sistema_rh.controller.CargoControllerTest" time="0.002"/>
</testsuite>